<?xml version="1.0" encoding="UTF-8"?>
<!-- Generated by org.testng.reporters.JUnitReportReporter -->
<testsuite name="gautomation.CservTest" tests="1" time="13.890" ignored="0" failures="0" timestamp="15 Sep 2017 09:53:28 GMT" skipped="0" hostname="W1064EntO365x86" errors="0">
  <testcase name="iTest" time="13.890" classname="gautomation.CservTest"/>
</testsuite> <!-- gautomation.CservTest -->
